16:39:43.906 INFO [main] org.lenskit.cli.Main: Starting LensKit 3.0-M1 on Java 1.8.0_144 from Oracle Corporation
16:39:43.933 DEBUG [main] org.lenskit.LenskitInfo: have 5573 active revisions
16:39:43.939 DEBUG [main] org.lenskit.cli.Main: Built from Git revision c0210fa3281ef8b15b0959bcd5fced43c5fec38a
16:39:43.939 DEBUG [main] org.lenskit.cli.Main: Using VM 'Java HotSpot(TM) 64-Bit Server VM' version 25.144-b01 from Oracle Corporation
16:39:43.939 INFO [main] org.lenskit.cli.Main: Have 4 processors and heap limit of 3618 MiB
16:39:43.954 INFO [main] org.lenskit.cli.util.RecommenderLoader: creating fresh recommender
16:39:44.238 INFO [main] org.lenskit.config.ConfigurationLoader: loading script from file:/C:/Users/Amit%20Gupta/Google%20Drive/Recommender%20System%205123/Assignment%203/uu-assignment/etc/blended.groovy
16:39:44.822 DEBUG [main] org.lenskit.data.dao.file.TextEntitySource: loading source ratings with base URI file:/C:/Users/Amit%20Gupta/Google%20Drive/Recommender%20System%205123/Assignment%203/uu-assignment/data/movielens.yml
16:39:44.822 DEBUG [main] org.lenskit.data.dao.file.TextEntitySource: resolved file URI: file:/C:/Users/Amit%20Gupta/Google%20Drive/Recommender%20System%205123/Assignment%203/uu-assignment/data/ratings.csv
16:39:44.833 INFO [main] org.lenskit.data.dao.file.TextEntitySource: loading text file source ratings to read from file:/C:/Users/Amit%20Gupta/Google%20Drive/Recommender%20System%205123/Assignment%203/uu-assignment/data/ratings.csv
16:39:44.839 DEBUG [main] org.lenskit.data.dao.file.TextEntitySource: ratings: using delimiter ,
16:39:44.839 DEBUG [main] org.lenskit.data.dao.file.TextEntitySource: ratings: reading header
16:39:44.839 DEBUG [main] org.lenskit.data.dao.file.TextEntitySource: ratings: reading entities of type EntityType[rating]
16:39:44.880 DEBUG [main] org.lenskit.data.dao.file.TextEntitySource: class org.lenskit.data.ratings.RatingBuilder: using entity builder {}
16:39:44.880 DEBUG [main] org.lenskit.data.dao.file.TextEntitySource: loading source movies with base URI file:/C:/Users/Amit%20Gupta/Google%20Drive/Recommender%20System%205123/Assignment%203/uu-assignment/data/movielens.yml
16:39:44.880 DEBUG [main] org.lenskit.data.dao.file.TextEntitySource: resolved file URI: file:/C:/Users/Amit%20Gupta/Google%20Drive/Recommender%20System%205123/Assignment%203/uu-assignment/data/movies.csv
16:39:44.880 INFO [main] org.lenskit.data.dao.file.TextEntitySource: loading text file source movies to read from file:/C:/Users/Amit%20Gupta/Google%20Drive/Recommender%20System%205123/Assignment%203/uu-assignment/data/movies.csv
16:39:44.880 DEBUG [main] org.lenskit.data.dao.file.TextEntitySource: movies: using delimiter ,
16:39:44.880 DEBUG [main] org.lenskit.data.dao.file.TextEntitySource: movies: reading header
16:39:44.881 DEBUG [main] org.lenskit.data.dao.file.TextEntitySource: movies: reading entities of type EntityType[item]
16:39:44.881 DEBUG [main] org.lenskit.data.dao.file.TextEntitySource: class org.lenskit.data.entities.BasicEntityBuilder: using entity builder {}
16:39:44.881 DEBUG [main] org.lenskit.data.dao.file.TextEntitySource: loading source tags with base URI file:/C:/Users/Amit%20Gupta/Google%20Drive/Recommender%20System%205123/Assignment%203/uu-assignment/data/movielens.yml
16:39:44.881 DEBUG [main] org.lenskit.data.dao.file.TextEntitySource: resolved file URI: file:/C:/Users/Amit%20Gupta/Google%20Drive/Recommender%20System%205123/Assignment%203/uu-assignment/data/tags.csv
16:39:44.881 INFO [main] org.lenskit.data.dao.file.TextEntitySource: loading text file source tags to read from file:/C:/Users/Amit%20Gupta/Google%20Drive/Recommender%20System%205123/Assignment%203/uu-assignment/data/tags.csv
16:39:44.881 DEBUG [main] org.lenskit.data.dao.file.TextEntitySource: tags: using delimiter ,
16:39:44.881 DEBUG [main] org.lenskit.data.dao.file.TextEntitySource: tags: reading header
16:39:44.881 DEBUG [main] org.lenskit.data.dao.file.TextEntitySource: tags: reading entities of type EntityType[item-tag]
16:39:44.882 DEBUG [main] org.lenskit.data.dao.file.TextEntitySource: class org.lenskit.data.entities.BasicEntityBuilder: using entity builder {}
16:39:44.888 DEBUG [main] org.lenskit.LenskitRecommenderEngineBuilder: building graph from 3 configurations
16:39:44.984 DEBUG [main] org.lenskit.inject.RecommenderInstantiator: replacing nodes in graph with 17 nodes
16:39:44.986 DEBUG [main] org.lenskit.inject.RecommenderInstantiator: found 6 shared nodes
16:39:46.102 INFO [main] org.lenskit.data.dao.file.StaticDataSource: deriving entity type EntityType[user] from EntityType[rating] (column TypedName[user: long])
16:39:46.187 INFO [main] org.lenskit.data.dao.file.StaticDataSource: deriving entity type EntityType[item] from EntityType[rating] (column TypedName[item: long])
16:39:46.219 DEBUG [main] org.lenskit.data.entities.EntityCollectionBuilder: built collection of 2500 entities with type EntityType[item] and 2 indexes
16:39:46.243 DEBUG [main] org.lenskit.data.entities.EntityCollectionBuilder: built collection of 264505 entities with type EntityType[rating] and 2 indexes
16:39:46.254 DEBUG [main] org.lenskit.data.entities.EntityCollectionBuilder: built collection of 94875 entities with type EntityType[item-tag] and 2 indexes
16:39:46.255 DEBUG [main] org.lenskit.data.entities.EntityCollectionBuilder: built collection of 862 entities with type EntityType[user] and 2 indexes
16:39:46.321 INFO [main] org.lenskit.data.ratings.RatingSummaryProvider: summarized 2500 items with 264505 ratings
16:39:46.357 DEBUG [main] org.lenskit.inject.RecommenderInstantiator: final graph has 17 nodes
16:39:46.359 INFO [main] org.lenskit.cli.util.RecommenderLoader: built recommender in 1.472 s
16:39:46.370 INFO [main] org.lenskit.cli.commands.Recommend: recommending for 1 users
16:39:46.375 DEBUG [main] org.lenskit.basic.TopNItemRecommender: computing effective candidates for user 320 from 2500 candidates and 62 excluded items
16:39:46.378 DEBUG [main] org.lenskit.basic.TopNItemRecommender: Computing -1 recommendations for user 320 from 2438 candidates
16:39:46.977 DEBUG [main] org.lenskit.basic.TopNItemRecommender: computing effective candidates for user 320 from 2500 candidates and 62 excluded items
16:39:46.978 DEBUG [main] org.lenskit.basic.TopNItemRecommender: Computing -1 recommendations for user 320 from 2438 candidates
16:39:46.980 DEBUG [main] org.lenskit.hybrid.RankBlendingItemRecommender: recommending for user 10 with 2438 left and 2438 right recommendations
16:39:46.997 INFO [main] org.lenskit.cli.commands.Recommend: recommended for 1 users in 626.5 ms
16:39:46.997 INFO [main] org.lenskit.cli.Main: If you use LensKit in published research, please see http://lenskit.org/research/
