16:39:40.272 INFO [main] org.lenskit.cli.Main: Starting LensKit 3.0-M1 on Java 1.8.0_144 from Oracle Corporation
16:39:40.299 DEBUG [main] org.lenskit.LenskitInfo: have 5573 active revisions
16:39:40.305 DEBUG [main] org.lenskit.cli.Main: Built from Git revision c0210fa3281ef8b15b0959bcd5fced43c5fec38a
16:39:40.305 DEBUG [main] org.lenskit.cli.Main: Using VM 'Java HotSpot(TM) 64-Bit Server VM' version 25.144-b01 from Oracle Corporation
16:39:40.305 INFO [main] org.lenskit.cli.Main: Have 4 processors and heap limit of 3618 MiB
16:39:40.321 INFO [main] org.lenskit.cli.util.RecommenderLoader: creating fresh recommender
16:39:40.599 INFO [main] org.lenskit.config.ConfigurationLoader: loading script from file:/C:/Users/Amit%20Gupta/Google%20Drive/Recommender%20System%205123/Assignment%203/uu-assignment/etc/user-user.groovy
16:39:41.108 DEBUG [main] org.lenskit.data.dao.file.TextEntitySource: loading source ratings with base URI file:/C:/Users/Amit%20Gupta/Google%20Drive/Recommender%20System%205123/Assignment%203/uu-assignment/data/movielens.yml
16:39:41.108 DEBUG [main] org.lenskit.data.dao.file.TextEntitySource: resolved file URI: file:/C:/Users/Amit%20Gupta/Google%20Drive/Recommender%20System%205123/Assignment%203/uu-assignment/data/ratings.csv
16:39:41.120 INFO [main] org.lenskit.data.dao.file.TextEntitySource: loading text file source ratings to read from file:/C:/Users/Amit%20Gupta/Google%20Drive/Recommender%20System%205123/Assignment%203/uu-assignment/data/ratings.csv
16:39:41.128 DEBUG [main] org.lenskit.data.dao.file.TextEntitySource: ratings: using delimiter ,
16:39:41.128 DEBUG [main] org.lenskit.data.dao.file.TextEntitySource: ratings: reading header
16:39:41.128 DEBUG [main] org.lenskit.data.dao.file.TextEntitySource: ratings: reading entities of type EntityType[rating]
16:39:41.172 DEBUG [main] org.lenskit.data.dao.file.TextEntitySource: class org.lenskit.data.ratings.RatingBuilder: using entity builder {}
16:39:41.172 DEBUG [main] org.lenskit.data.dao.file.TextEntitySource: loading source movies with base URI file:/C:/Users/Amit%20Gupta/Google%20Drive/Recommender%20System%205123/Assignment%203/uu-assignment/data/movielens.yml
16:39:41.172 DEBUG [main] org.lenskit.data.dao.file.TextEntitySource: resolved file URI: file:/C:/Users/Amit%20Gupta/Google%20Drive/Recommender%20System%205123/Assignment%203/uu-assignment/data/movies.csv
16:39:41.172 INFO [main] org.lenskit.data.dao.file.TextEntitySource: loading text file source movies to read from file:/C:/Users/Amit%20Gupta/Google%20Drive/Recommender%20System%205123/Assignment%203/uu-assignment/data/movies.csv
16:39:41.172 DEBUG [main] org.lenskit.data.dao.file.TextEntitySource: movies: using delimiter ,
16:39:41.172 DEBUG [main] org.lenskit.data.dao.file.TextEntitySource: movies: reading header
16:39:41.173 DEBUG [main] org.lenskit.data.dao.file.TextEntitySource: movies: reading entities of type EntityType[item]
16:39:41.173 DEBUG [main] org.lenskit.data.dao.file.TextEntitySource: class org.lenskit.data.entities.BasicEntityBuilder: using entity builder {}
16:39:41.173 DEBUG [main] org.lenskit.data.dao.file.TextEntitySource: loading source tags with base URI file:/C:/Users/Amit%20Gupta/Google%20Drive/Recommender%20System%205123/Assignment%203/uu-assignment/data/movielens.yml
16:39:41.173 DEBUG [main] org.lenskit.data.dao.file.TextEntitySource: resolved file URI: file:/C:/Users/Amit%20Gupta/Google%20Drive/Recommender%20System%205123/Assignment%203/uu-assignment/data/tags.csv
16:39:41.173 INFO [main] org.lenskit.data.dao.file.TextEntitySource: loading text file source tags to read from file:/C:/Users/Amit%20Gupta/Google%20Drive/Recommender%20System%205123/Assignment%203/uu-assignment/data/tags.csv
16:39:41.173 DEBUG [main] org.lenskit.data.dao.file.TextEntitySource: tags: using delimiter ,
16:39:41.173 DEBUG [main] org.lenskit.data.dao.file.TextEntitySource: tags: reading header
16:39:41.174 DEBUG [main] org.lenskit.data.dao.file.TextEntitySource: tags: reading entities of type EntityType[item-tag]
16:39:41.174 DEBUG [main] org.lenskit.data.dao.file.TextEntitySource: class org.lenskit.data.entities.BasicEntityBuilder: using entity builder {}
16:39:41.180 DEBUG [main] org.lenskit.LenskitRecommenderEngineBuilder: building graph from 3 configurations
16:39:41.246 DEBUG [main] org.lenskit.inject.RecommenderInstantiator: replacing nodes in graph with 12 nodes
16:39:41.251 DEBUG [main] org.lenskit.inject.RecommenderInstantiator: found 3 shared nodes
16:39:41.251 DEBUG [main] org.lenskit.inject.RecommenderInstantiator: final graph has 12 nodes
16:39:41.252 INFO [main] org.lenskit.cli.util.RecommenderLoader: built recommender in 71.86 ms
16:39:42.169 INFO [main] org.lenskit.data.dao.file.StaticDataSource: deriving entity type EntityType[user] from EntityType[rating] (column TypedName[user: long])
16:39:42.251 INFO [main] org.lenskit.data.dao.file.StaticDataSource: deriving entity type EntityType[item] from EntityType[rating] (column TypedName[item: long])
16:39:42.283 DEBUG [main] org.lenskit.data.entities.EntityCollectionBuilder: built collection of 2500 entities with type EntityType[item] and 2 indexes
16:39:42.309 DEBUG [main] org.lenskit.data.entities.EntityCollectionBuilder: built collection of 264505 entities with type EntityType[rating] and 2 indexes
16:39:42.321 DEBUG [main] org.lenskit.data.entities.EntityCollectionBuilder: built collection of 94875 entities with type EntityType[item-tag] and 2 indexes
16:39:42.322 DEBUG [main] org.lenskit.data.entities.EntityCollectionBuilder: built collection of 862 entities with type EntityType[user] and 2 indexes
16:39:42.811 INFO [main] org.lenskit.cli.commands.Recommend: recommending for 1 users
16:39:42.825 DEBUG [main] org.lenskit.basic.TopNItemRecommender: computing effective candidates for user 320 from 2500 candidates and 62 excluded items
16:39:42.830 DEBUG [main] org.lenskit.basic.TopNItemRecommender: Computing 10 recommendations for user 320 from 2438 candidates
16:39:43.361 INFO [main] org.lenskit.cli.commands.Recommend: recommended for 1 users in 550.2 ms
16:39:43.362 INFO [main] org.lenskit.cli.Main: If you use LensKit in published research, please see http://lenskit.org/research/
