22:07:48.076 INFO [main] org.lenskit.cli.Main: Starting LensKit 3.0-M1 on Java 1.8.0_144 from Oracle Corporation
22:07:48.102 DEBUG [main] org.lenskit.LenskitInfo: have 5573 active revisions
22:07:48.110 DEBUG [main] org.lenskit.cli.Main: Built from Git revision c0210fa3281ef8b15b0959bcd5fced43c5fec38a
22:07:48.110 DEBUG [main] org.lenskit.cli.Main: Using VM 'Java HotSpot(TM) 64-Bit Server VM' version 25.144-b01 from Oracle Corporation
22:07:48.110 INFO [main] org.lenskit.cli.Main: Have 4 processors and heap limit of 3618 MiB
22:07:48.123 INFO [main] org.lenskit.cli.util.RecommenderLoader: creating fresh recommender
22:07:48.411 INFO [main] org.lenskit.config.ConfigurationLoader: loading script from file:/C:/Users/Amit%20Gupta/Google%20Drive/Recommender%20System%205123/Assignment%204/ii-assignment/etc/item-item.groovy
22:07:48.945 DEBUG [main] org.lenskit.data.dao.file.TextEntitySource: loading source ratings with base URI file:/C:/Users/Amit%20Gupta/Google%20Drive/Recommender%20System%205123/Assignment%204/ii-assignment/data/movielens.yml
22:07:48.945 DEBUG [main] org.lenskit.data.dao.file.TextEntitySource: resolved file URI: file:/C:/Users/Amit%20Gupta/Google%20Drive/Recommender%20System%205123/Assignment%204/ii-assignment/data/ratings.csv
22:07:48.960 INFO [main] org.lenskit.data.dao.file.TextEntitySource: loading text file source ratings to read from file:/C:/Users/Amit%20Gupta/Google%20Drive/Recommender%20System%205123/Assignment%204/ii-assignment/data/ratings.csv
22:07:48.970 DEBUG [main] org.lenskit.data.dao.file.TextEntitySource: ratings: using delimiter ,
22:07:48.970 DEBUG [main] org.lenskit.data.dao.file.TextEntitySource: ratings: reading header
22:07:48.970 DEBUG [main] org.lenskit.data.dao.file.TextEntitySource: ratings: reading entities of type EntityType[rating]
22:07:49.011 DEBUG [main] org.lenskit.data.dao.file.TextEntitySource: class org.lenskit.data.ratings.RatingBuilder: using entity builder {}
22:07:49.011 DEBUG [main] org.lenskit.data.dao.file.TextEntitySource: loading source movies with base URI file:/C:/Users/Amit%20Gupta/Google%20Drive/Recommender%20System%205123/Assignment%204/ii-assignment/data/movielens.yml
22:07:49.011 DEBUG [main] org.lenskit.data.dao.file.TextEntitySource: resolved file URI: file:/C:/Users/Amit%20Gupta/Google%20Drive/Recommender%20System%205123/Assignment%204/ii-assignment/data/movies.csv
22:07:49.011 INFO [main] org.lenskit.data.dao.file.TextEntitySource: loading text file source movies to read from file:/C:/Users/Amit%20Gupta/Google%20Drive/Recommender%20System%205123/Assignment%204/ii-assignment/data/movies.csv
22:07:49.011 DEBUG [main] org.lenskit.data.dao.file.TextEntitySource: movies: using delimiter ,
22:07:49.011 DEBUG [main] org.lenskit.data.dao.file.TextEntitySource: movies: reading header
22:07:49.011 DEBUG [main] org.lenskit.data.dao.file.TextEntitySource: movies: reading entities of type EntityType[item]
22:07:49.012 DEBUG [main] org.lenskit.data.dao.file.TextEntitySource: class org.lenskit.data.entities.BasicEntityBuilder: using entity builder {}
22:07:49.012 DEBUG [main] org.lenskit.data.dao.file.TextEntitySource: loading source tags with base URI file:/C:/Users/Amit%20Gupta/Google%20Drive/Recommender%20System%205123/Assignment%204/ii-assignment/data/movielens.yml
22:07:49.012 DEBUG [main] org.lenskit.data.dao.file.TextEntitySource: resolved file URI: file:/C:/Users/Amit%20Gupta/Google%20Drive/Recommender%20System%205123/Assignment%204/ii-assignment/data/tags.csv
22:07:49.012 INFO [main] org.lenskit.data.dao.file.TextEntitySource: loading text file source tags to read from file:/C:/Users/Amit%20Gupta/Google%20Drive/Recommender%20System%205123/Assignment%204/ii-assignment/data/tags.csv
22:07:49.012 DEBUG [main] org.lenskit.data.dao.file.TextEntitySource: tags: using delimiter ,
22:07:49.012 DEBUG [main] org.lenskit.data.dao.file.TextEntitySource: tags: reading header
22:07:49.013 DEBUG [main] org.lenskit.data.dao.file.TextEntitySource: tags: reading entities of type EntityType[item-tag]
22:07:49.013 DEBUG [main] org.lenskit.data.dao.file.TextEntitySource: class org.lenskit.data.entities.BasicEntityBuilder: using entity builder {}
22:07:49.019 DEBUG [main] org.lenskit.LenskitRecommenderEngineBuilder: building graph from 3 configurations
22:07:49.096 DEBUG [main] org.lenskit.inject.RecommenderInstantiator: replacing nodes in graph with 13 nodes
22:07:49.102 DEBUG [main] org.lenskit.inject.RecommenderInstantiator: found 2 shared nodes
22:07:50.138 INFO [main] org.lenskit.data.dao.file.StaticDataSource: deriving entity type EntityType[user] from EntityType[rating] (column TypedName[user: long])
22:07:50.219 INFO [main] org.lenskit.data.dao.file.StaticDataSource: deriving entity type EntityType[item] from EntityType[rating] (column TypedName[item: long])
22:07:50.249 DEBUG [main] org.lenskit.data.entities.EntityCollectionBuilder: built collection of 2500 entities with type EntityType[item] and 2 indexes
22:07:50.272 DEBUG [main] org.lenskit.data.entities.EntityCollectionBuilder: built collection of 264505 entities with type EntityType[rating] and 2 indexes
22:07:50.808 DEBUG [main] org.lenskit.data.entities.EntityCollectionBuilder: built collection of 94875 entities with type EntityType[item-tag] and 2 indexes
22:07:50.809 DEBUG [main] org.lenskit.data.entities.EntityCollectionBuilder: built collection of 862 entities with type EntityType[user] and 2 indexes
22:08:29.937 DEBUG [main] org.lenskit.inject.RecommenderInstantiator: final graph has 13 nodes
22:08:29.940 INFO [main] org.lenskit.cli.util.RecommenderLoader: built recommender in 40.92 s
22:08:29.946 INFO [main] org.lenskit.cli.commands.Predict: predicting 4 items
22:08:30.207 INFO [main] org.lenskit.cli.commands.Predict: predicted for 4 items in 259.7 ms
22:08:30.207 INFO [main] org.lenskit.cli.Main: If you use LensKit in published research, please see http://lenskit.org/research/
