22:08:30.884 INFO [main] org.lenskit.cli.Main: Starting LensKit 3.0-M1 on Java 1.8.0_144 from Oracle Corporation
22:08:30.914 DEBUG [main] org.lenskit.LenskitInfo: have 5573 active revisions
22:08:30.926 DEBUG [main] org.lenskit.cli.Main: Built from Git revision c0210fa3281ef8b15b0959bcd5fced43c5fec38a
22:08:30.927 DEBUG [main] org.lenskit.cli.Main: Using VM 'Java HotSpot(TM) 64-Bit Server VM' version 25.144-b01 from Oracle Corporation
22:08:30.927 INFO [main] org.lenskit.cli.Main: Have 4 processors and heap limit of 3618 MiB
22:08:30.950 INFO [main] org.lenskit.cli.util.RecommenderLoader: creating fresh recommender
22:08:31.231 INFO [main] org.lenskit.config.ConfigurationLoader: loading script from file:/C:/Users/Amit%20Gupta/Google%20Drive/Recommender%20System%205123/Assignment%204/ii-assignment/etc/item-item.groovy
22:08:31.835 DEBUG [main] org.lenskit.data.dao.file.TextEntitySource: loading source ratings with base URI file:/C:/Users/Amit%20Gupta/Google%20Drive/Recommender%20System%205123/Assignment%204/ii-assignment/data/movielens.yml
22:08:31.836 DEBUG [main] org.lenskit.data.dao.file.TextEntitySource: resolved file URI: file:/C:/Users/Amit%20Gupta/Google%20Drive/Recommender%20System%205123/Assignment%204/ii-assignment/data/ratings.csv
22:08:31.849 INFO [main] org.lenskit.data.dao.file.TextEntitySource: loading text file source ratings to read from file:/C:/Users/Amit%20Gupta/Google%20Drive/Recommender%20System%205123/Assignment%204/ii-assignment/data/ratings.csv
22:08:31.855 DEBUG [main] org.lenskit.data.dao.file.TextEntitySource: ratings: using delimiter ,
22:08:31.855 DEBUG [main] org.lenskit.data.dao.file.TextEntitySource: ratings: reading header
22:08:31.855 DEBUG [main] org.lenskit.data.dao.file.TextEntitySource: ratings: reading entities of type EntityType[rating]
22:08:31.895 DEBUG [main] org.lenskit.data.dao.file.TextEntitySource: class org.lenskit.data.ratings.RatingBuilder: using entity builder {}
22:08:31.895 DEBUG [main] org.lenskit.data.dao.file.TextEntitySource: loading source movies with base URI file:/C:/Users/Amit%20Gupta/Google%20Drive/Recommender%20System%205123/Assignment%204/ii-assignment/data/movielens.yml
22:08:31.895 DEBUG [main] org.lenskit.data.dao.file.TextEntitySource: resolved file URI: file:/C:/Users/Amit%20Gupta/Google%20Drive/Recommender%20System%205123/Assignment%204/ii-assignment/data/movies.csv
22:08:31.895 INFO [main] org.lenskit.data.dao.file.TextEntitySource: loading text file source movies to read from file:/C:/Users/Amit%20Gupta/Google%20Drive/Recommender%20System%205123/Assignment%204/ii-assignment/data/movies.csv
22:08:31.896 DEBUG [main] org.lenskit.data.dao.file.TextEntitySource: movies: using delimiter ,
22:08:31.896 DEBUG [main] org.lenskit.data.dao.file.TextEntitySource: movies: reading header
22:08:31.896 DEBUG [main] org.lenskit.data.dao.file.TextEntitySource: movies: reading entities of type EntityType[item]
22:08:31.896 DEBUG [main] org.lenskit.data.dao.file.TextEntitySource: class org.lenskit.data.entities.BasicEntityBuilder: using entity builder {}
22:08:31.896 DEBUG [main] org.lenskit.data.dao.file.TextEntitySource: loading source tags with base URI file:/C:/Users/Amit%20Gupta/Google%20Drive/Recommender%20System%205123/Assignment%204/ii-assignment/data/movielens.yml
22:08:31.896 DEBUG [main] org.lenskit.data.dao.file.TextEntitySource: resolved file URI: file:/C:/Users/Amit%20Gupta/Google%20Drive/Recommender%20System%205123/Assignment%204/ii-assignment/data/tags.csv
22:08:31.896 INFO [main] org.lenskit.data.dao.file.TextEntitySource: loading text file source tags to read from file:/C:/Users/Amit%20Gupta/Google%20Drive/Recommender%20System%205123/Assignment%204/ii-assignment/data/tags.csv
22:08:31.896 DEBUG [main] org.lenskit.data.dao.file.TextEntitySource: tags: using delimiter ,
22:08:31.896 DEBUG [main] org.lenskit.data.dao.file.TextEntitySource: tags: reading header
22:08:31.896 DEBUG [main] org.lenskit.data.dao.file.TextEntitySource: tags: reading entities of type EntityType[item-tag]
22:08:31.897 DEBUG [main] org.lenskit.data.dao.file.TextEntitySource: class org.lenskit.data.entities.BasicEntityBuilder: using entity builder {}
22:08:31.904 DEBUG [main] org.lenskit.LenskitRecommenderEngineBuilder: building graph from 3 configurations
22:08:32.013 DEBUG [main] org.lenskit.inject.RecommenderInstantiator: replacing nodes in graph with 13 nodes
22:08:32.021 DEBUG [main] org.lenskit.inject.RecommenderInstantiator: found 2 shared nodes
22:08:33.144 INFO [main] org.lenskit.data.dao.file.StaticDataSource: deriving entity type EntityType[user] from EntityType[rating] (column TypedName[user: long])
22:08:33.213 INFO [main] org.lenskit.data.dao.file.StaticDataSource: deriving entity type EntityType[item] from EntityType[rating] (column TypedName[item: long])
22:08:33.241 DEBUG [main] org.lenskit.data.entities.EntityCollectionBuilder: built collection of 2500 entities with type EntityType[item] and 2 indexes
22:08:33.265 DEBUG [main] org.lenskit.data.entities.EntityCollectionBuilder: built collection of 264505 entities with type EntityType[rating] and 2 indexes
22:08:33.277 DEBUG [main] org.lenskit.data.entities.EntityCollectionBuilder: built collection of 94875 entities with type EntityType[item-tag] and 2 indexes
22:08:33.277 DEBUG [main] org.lenskit.data.entities.EntityCollectionBuilder: built collection of 862 entities with type EntityType[user] and 2 indexes
22:09:10.224 DEBUG [main] org.lenskit.inject.RecommenderInstantiator: final graph has 13 nodes
22:09:10.227 INFO [main] org.lenskit.cli.util.RecommenderLoader: built recommender in 38.32 s
22:09:10.236 INFO [main] org.lenskit.cli.commands.Recommend: recommending for 1 users
22:09:10.243 DEBUG [main] org.lenskit.basic.TopNItemRecommender: computing effective candidates for user 320 from 2500 candidates and 62 excluded items
22:09:10.244 DEBUG [main] org.lenskit.basic.TopNItemRecommender: Computing 10 recommendations for user 320 from 2438 candidates
22:10:04.116 INFO [main] org.lenskit.cli.commands.Recommend: recommended for 1 users in 53.88 s
22:10:04.116 INFO [main] org.lenskit.cli.Main: If you use LensKit in published research, please see http://lenskit.org/research/
