19:05:43.687 INFO [main] org.lenskit.cli.Main: Starting LensKit 3.0-M1 on Java 1.8.0_144 from Oracle Corporation
19:05:44.016 DEBUG [main] org.lenskit.LenskitInfo: have 5573 active revisions
19:05:44.051 DEBUG [main] org.lenskit.cli.Main: Built from Git revision c0210fa3281ef8b15b0959bcd5fced43c5fec38a
19:05:44.051 DEBUG [main] org.lenskit.cli.Main: Using VM 'Java HotSpot(TM) 64-Bit Server VM' version 25.144-b01 from Oracle Corporation
19:05:44.051 INFO [main] org.lenskit.cli.Main: Have 4 processors and heap limit of 884 MiB
19:05:44.094 INFO [main] org.lenskit.cli.util.RecommenderLoader: creating fresh recommender
19:05:44.828 INFO [main] org.lenskit.config.ConfigurationLoader: loading script from file:/D:/1st%20Sem/Recommender%20Systems/cbf-assignment/etc/basic.groovy
19:05:45.949 DEBUG [main] org.lenskit.data.dao.file.TextEntitySource: loading source ratings with base URI file:/D:/1st%20Sem/Recommender%20Systems/cbf-assignment/data/movielens.yml
19:05:45.949 DEBUG [main] org.lenskit.data.dao.file.TextEntitySource: resolved file URI: file:/D:/1st%20Sem/Recommender%20Systems/cbf-assignment/data/ratings.csv
19:05:46.009 INFO [main] org.lenskit.data.dao.file.TextEntitySource: loading text file source ratings to read from file:/D:/1st%20Sem/Recommender%20Systems/cbf-assignment/data/ratings.csv
19:05:46.073 DEBUG [main] org.lenskit.data.dao.file.TextEntitySource: ratings: using delimiter ,
19:05:46.073 DEBUG [main] org.lenskit.data.dao.file.TextEntitySource: ratings: reading header
19:05:46.073 DEBUG [main] org.lenskit.data.dao.file.TextEntitySource: ratings: reading entities of type EntityType[rating]
19:05:46.164 DEBUG [main] org.lenskit.data.dao.file.TextEntitySource: class org.lenskit.data.ratings.RatingBuilder: using entity builder {}
19:05:46.164 DEBUG [main] org.lenskit.data.dao.file.TextEntitySource: loading source movies with base URI file:/D:/1st%20Sem/Recommender%20Systems/cbf-assignment/data/movielens.yml
19:05:46.164 DEBUG [main] org.lenskit.data.dao.file.TextEntitySource: resolved file URI: file:/D:/1st%20Sem/Recommender%20Systems/cbf-assignment/data/movies.csv
19:05:46.164 INFO [main] org.lenskit.data.dao.file.TextEntitySource: loading text file source movies to read from file:/D:/1st%20Sem/Recommender%20Systems/cbf-assignment/data/movies.csv
19:05:46.164 DEBUG [main] org.lenskit.data.dao.file.TextEntitySource: movies: using delimiter ,
19:05:46.164 DEBUG [main] org.lenskit.data.dao.file.TextEntitySource: movies: reading header
19:05:46.164 DEBUG [main] org.lenskit.data.dao.file.TextEntitySource: movies: reading entities of type EntityType[item]
19:05:46.164 DEBUG [main] org.lenskit.data.dao.file.TextEntitySource: class org.lenskit.data.entities.BasicEntityBuilder: using entity builder {}
19:05:46.164 DEBUG [main] org.lenskit.data.dao.file.TextEntitySource: loading source tags with base URI file:/D:/1st%20Sem/Recommender%20Systems/cbf-assignment/data/movielens.yml
19:05:46.164 DEBUG [main] org.lenskit.data.dao.file.TextEntitySource: resolved file URI: file:/D:/1st%20Sem/Recommender%20Systems/cbf-assignment/data/tags.csv
19:05:46.164 INFO [main] org.lenskit.data.dao.file.TextEntitySource: loading text file source tags to read from file:/D:/1st%20Sem/Recommender%20Systems/cbf-assignment/data/tags.csv
19:05:46.164 DEBUG [main] org.lenskit.data.dao.file.TextEntitySource: tags: using delimiter ,
19:05:46.164 DEBUG [main] org.lenskit.data.dao.file.TextEntitySource: tags: reading header
19:05:46.164 DEBUG [main] org.lenskit.data.dao.file.TextEntitySource: tags: reading entities of type EntityType[item-tag]
19:05:46.179 DEBUG [main] org.lenskit.data.dao.file.TextEntitySource: class org.lenskit.data.entities.BasicEntityBuilder: using entity builder {}
19:05:46.228 DEBUG [main] org.lenskit.LenskitRecommenderEngineBuilder: building graph from 3 configurations
19:05:46.420 DEBUG [main] org.lenskit.inject.RecommenderInstantiator: replacing nodes in graph with 14 nodes
19:05:46.464 DEBUG [main] org.lenskit.inject.RecommenderInstantiator: found 4 shared nodes
19:05:48.485 INFO [main] org.lenskit.data.dao.file.StaticDataSource: deriving entity type EntityType[user] from EntityType[rating] (column TypedName[user: long])
19:05:48.625 INFO [main] org.lenskit.data.dao.file.StaticDataSource: deriving entity type EntityType[item] from EntityType[rating] (column TypedName[item: long])
19:05:48.672 INFO [main] org.lenskit.data.dao.file.StaticDataSource: deriving entity type EntityType[user] from EntityType[item-tag] (column TypedName[user: long])
19:05:48.731 INFO [main] org.lenskit.data.dao.file.StaticDataSource: deriving entity type EntityType[item] from EntityType[item-tag] (column TypedName[item: long])
19:05:48.804 DEBUG [main] org.lenskit.data.entities.EntityCollectionBuilder: built collection of 2500 entities with type EntityType[item] and 2 indexes
19:05:48.840 DEBUG [main] org.lenskit.data.entities.EntityCollectionBuilder: built collection of 264505 entities with type EntityType[rating] and 2 indexes
19:05:48.856 DEBUG [main] org.lenskit.data.entities.EntityCollectionBuilder: built collection of 94875 entities with type EntityType[item-tag] and 2 indexes
19:05:48.856 DEBUG [main] org.lenskit.data.entities.EntityCollectionBuilder: built collection of 862 entities with type EntityType[user] and 2 indexes
19:05:48.981 INFO [main] org.lenskit.mooc.cbf.TFIDFModelProvider: Building TF-IDF model
19:05:49.163 INFO [main] org.lenskit.mooc.cbf.TFIDFModelProvider: Computed TF vectors for 2500 items
19:05:49.239 DEBUG [main] org.lenskit.inject.RecommenderInstantiator: final graph has 14 nodes
19:05:49.255 INFO [main] org.lenskit.cli.util.RecommenderLoader: built recommender in 3.022 s
19:05:49.270 INFO [main] org.lenskit.cli.commands.Recommend: recommending for 1 users
19:05:49.392 DEBUG [main] org.lenskit.basic.TopNItemRecommender: computing effective candidates for user 320 from 2500 candidates and 62 excluded items
19:05:49.392 DEBUG [main] org.lenskit.basic.TopNItemRecommender: Computing 10 recommendations for user 320 from 2438 candidates
19:05:50.344 INFO [main] org.lenskit.cli.commands.Recommend: recommended for 1 users in 1.066 s
19:05:50.344 INFO [main] org.lenskit.cli.Main: If you use LensKit in published research, please see http://lenskit.org/research/
