19:05:51.190 INFO [main] org.lenskit.cli.Main: Starting LensKit 3.0-M1 on Java 1.8.0_144 from Oracle Corporation
19:05:51.222 DEBUG [main] org.lenskit.LenskitInfo: have 5573 active revisions
19:05:51.240 DEBUG [main] org.lenskit.cli.Main: Built from Git revision c0210fa3281ef8b15b0959bcd5fced43c5fec38a
19:05:51.240 DEBUG [main] org.lenskit.cli.Main: Using VM 'Java HotSpot(TM) 64-Bit Server VM' version 25.144-b01 from Oracle Corporation
19:05:51.240 INFO [main] org.lenskit.cli.Main: Have 4 processors and heap limit of 884 MiB
19:05:51.254 INFO [main] org.lenskit.cli.util.RecommenderLoader: creating fresh recommender
19:05:51.705 INFO [main] org.lenskit.config.ConfigurationLoader: loading script from file:/D:/1st%20Sem/Recommender%20Systems/cbf-assignment/etc/weighted.groovy
19:05:52.374 DEBUG [main] org.lenskit.data.dao.file.TextEntitySource: loading source ratings with base URI file:/D:/1st%20Sem/Recommender%20Systems/cbf-assignment/data/movielens.yml
19:05:52.374 DEBUG [main] org.lenskit.data.dao.file.TextEntitySource: resolved file URI: file:/D:/1st%20Sem/Recommender%20Systems/cbf-assignment/data/ratings.csv
19:05:52.389 INFO [main] org.lenskit.data.dao.file.TextEntitySource: loading text file source ratings to read from file:/D:/1st%20Sem/Recommender%20Systems/cbf-assignment/data/ratings.csv
19:05:52.389 DEBUG [main] org.lenskit.data.dao.file.TextEntitySource: ratings: using delimiter ,
19:05:52.389 DEBUG [main] org.lenskit.data.dao.file.TextEntitySource: ratings: reading header
19:05:52.389 DEBUG [main] org.lenskit.data.dao.file.TextEntitySource: ratings: reading entities of type EntityType[rating]
19:05:52.434 DEBUG [main] org.lenskit.data.dao.file.TextEntitySource: class org.lenskit.data.ratings.RatingBuilder: using entity builder {}
19:05:52.450 DEBUG [main] org.lenskit.data.dao.file.TextEntitySource: loading source movies with base URI file:/D:/1st%20Sem/Recommender%20Systems/cbf-assignment/data/movielens.yml
19:05:52.450 DEBUG [main] org.lenskit.data.dao.file.TextEntitySource: resolved file URI: file:/D:/1st%20Sem/Recommender%20Systems/cbf-assignment/data/movies.csv
19:05:52.450 INFO [main] org.lenskit.data.dao.file.TextEntitySource: loading text file source movies to read from file:/D:/1st%20Sem/Recommender%20Systems/cbf-assignment/data/movies.csv
19:05:52.450 DEBUG [main] org.lenskit.data.dao.file.TextEntitySource: movies: using delimiter ,
19:05:52.450 DEBUG [main] org.lenskit.data.dao.file.TextEntitySource: movies: reading header
19:05:52.450 DEBUG [main] org.lenskit.data.dao.file.TextEntitySource: movies: reading entities of type EntityType[item]
19:05:52.450 DEBUG [main] org.lenskit.data.dao.file.TextEntitySource: class org.lenskit.data.entities.BasicEntityBuilder: using entity builder {}
19:05:52.450 DEBUG [main] org.lenskit.data.dao.file.TextEntitySource: loading source tags with base URI file:/D:/1st%20Sem/Recommender%20Systems/cbf-assignment/data/movielens.yml
19:05:52.450 DEBUG [main] org.lenskit.data.dao.file.TextEntitySource: resolved file URI: file:/D:/1st%20Sem/Recommender%20Systems/cbf-assignment/data/tags.csv
19:05:52.450 INFO [main] org.lenskit.data.dao.file.TextEntitySource: loading text file source tags to read from file:/D:/1st%20Sem/Recommender%20Systems/cbf-assignment/data/tags.csv
19:05:52.450 DEBUG [main] org.lenskit.data.dao.file.TextEntitySource: tags: using delimiter ,
19:05:52.450 DEBUG [main] org.lenskit.data.dao.file.TextEntitySource: tags: reading header
19:05:52.450 DEBUG [main] org.lenskit.data.dao.file.TextEntitySource: tags: reading entities of type EntityType[item-tag]
19:05:52.450 DEBUG [main] org.lenskit.data.dao.file.TextEntitySource: class org.lenskit.data.entities.BasicEntityBuilder: using entity builder {}
19:05:52.465 DEBUG [main] org.lenskit.LenskitRecommenderEngineBuilder: building graph from 3 configurations
19:05:52.566 DEBUG [main] org.lenskit.inject.RecommenderInstantiator: replacing nodes in graph with 14 nodes
19:05:52.566 DEBUG [main] org.lenskit.inject.RecommenderInstantiator: found 4 shared nodes
19:05:54.442 INFO [main] org.lenskit.data.dao.file.StaticDataSource: deriving entity type EntityType[user] from EntityType[rating] (column TypedName[user: long])
19:05:54.551 INFO [main] org.lenskit.data.dao.file.StaticDataSource: deriving entity type EntityType[item] from EntityType[rating] (column TypedName[item: long])
19:05:54.595 INFO [main] org.lenskit.data.dao.file.StaticDataSource: deriving entity type EntityType[user] from EntityType[item-tag] (column TypedName[user: long])
19:05:54.642 INFO [main] org.lenskit.data.dao.file.StaticDataSource: deriving entity type EntityType[item] from EntityType[item-tag] (column TypedName[item: long])
19:05:54.657 DEBUG [main] org.lenskit.data.entities.EntityCollectionBuilder: built collection of 2500 entities with type EntityType[item] and 2 indexes
19:05:54.703 DEBUG [main] org.lenskit.data.entities.EntityCollectionBuilder: built collection of 264505 entities with type EntityType[rating] and 2 indexes
19:05:54.719 DEBUG [main] org.lenskit.data.entities.EntityCollectionBuilder: built collection of 94875 entities with type EntityType[item-tag] and 2 indexes
19:05:54.719 DEBUG [main] org.lenskit.data.entities.EntityCollectionBuilder: built collection of 862 entities with type EntityType[user] and 2 indexes
19:05:54.719 INFO [main] org.lenskit.mooc.cbf.TFIDFModelProvider: Building TF-IDF model
19:05:54.858 INFO [main] org.lenskit.mooc.cbf.TFIDFModelProvider: Computed TF vectors for 2500 items
19:05:54.921 DEBUG [main] org.lenskit.inject.RecommenderInstantiator: final graph has 14 nodes
19:05:54.921 INFO [main] org.lenskit.cli.util.RecommenderLoader: built recommender in 2.465 s
19:05:54.952 INFO [main] org.lenskit.cli.commands.Recommend: recommending for 1 users
19:05:54.983 DEBUG [main] org.lenskit.basic.TopNItemRecommender: computing effective candidates for user 320 from 2500 candidates and 62 excluded items
19:05:54.983 DEBUG [main] org.lenskit.basic.TopNItemRecommender: Computing 10 recommendations for user 320 from 2438 candidates
19:05:55.784 INFO [main] org.lenskit.cli.commands.Recommend: recommended for 1 users in 825.9 ms
19:05:55.784 INFO [main] org.lenskit.cli.Main: If you use LensKit in published research, please see http://lenskit.org/research/
