19:10:22.375 INFO [main] org.lenskit.cli.Main: Starting LensKit 3.0-M1 on Java 1.8.0_144 from Oracle Corporation
19:10:22.406 DEBUG [main] org.lenskit.LenskitInfo: have 5573 active revisions
19:10:22.421 DEBUG [main] org.lenskit.cli.Main: Built from Git revision c0210fa3281ef8b15b0959bcd5fced43c5fec38a
19:10:22.421 DEBUG [main] org.lenskit.cli.Main: Using VM 'Java HotSpot(TM) 64-Bit Server VM' version 25.144-b01 from Oracle Corporation
19:10:22.421 INFO [main] org.lenskit.cli.Main: Have 4 processors and heap limit of 884 MiB
19:10:22.437 INFO [main] org.lenskit.cli.util.RecommenderLoader: creating fresh recommender
19:10:22.771 INFO [main] org.lenskit.config.ConfigurationLoader: loading script from file:/D:/1st%20Sem/Recommender%20Systems/nonpers-assignment/etc/damped-mean.groovy
19:10:23.403 DEBUG [main] org.lenskit.data.dao.file.TextEntitySource: loading source ratings with base URI file:/D:/1st%20Sem/Recommender%20Systems/nonpers-assignment/data/movielens.yml
19:10:23.403 DEBUG [main] org.lenskit.data.dao.file.TextEntitySource: resolved file URI: file:/D:/1st%20Sem/Recommender%20Systems/nonpers-assignment/data/ratings.csv
19:10:23.418 INFO [main] org.lenskit.data.dao.file.TextEntitySource: loading text file source ratings to read from file:/D:/1st%20Sem/Recommender%20Systems/nonpers-assignment/data/ratings.csv
19:10:23.434 DEBUG [main] org.lenskit.data.dao.file.TextEntitySource: ratings: using delimiter ,
19:10:23.434 DEBUG [main] org.lenskit.data.dao.file.TextEntitySource: ratings: reading header
19:10:23.434 DEBUG [main] org.lenskit.data.dao.file.TextEntitySource: ratings: reading entities of type EntityType[rating]
19:10:23.482 DEBUG [main] org.lenskit.data.dao.file.TextEntitySource: class org.lenskit.data.ratings.RatingBuilder: using entity builder {}
19:10:23.482 DEBUG [main] org.lenskit.data.dao.file.TextEntitySource: loading source movies with base URI file:/D:/1st%20Sem/Recommender%20Systems/nonpers-assignment/data/movielens.yml
19:10:23.482 DEBUG [main] org.lenskit.data.dao.file.TextEntitySource: resolved file URI: file:/D:/1st%20Sem/Recommender%20Systems/nonpers-assignment/data/movies.csv
19:10:23.482 INFO [main] org.lenskit.data.dao.file.TextEntitySource: loading text file source movies to read from file:/D:/1st%20Sem/Recommender%20Systems/nonpers-assignment/data/movies.csv
19:10:23.482 DEBUG [main] org.lenskit.data.dao.file.TextEntitySource: movies: using delimiter ,
19:10:23.482 DEBUG [main] org.lenskit.data.dao.file.TextEntitySource: movies: reading header
19:10:23.482 DEBUG [main] org.lenskit.data.dao.file.TextEntitySource: movies: reading entities of type EntityType[item]
19:10:23.482 DEBUG [main] org.lenskit.data.dao.file.TextEntitySource: class org.lenskit.data.entities.BasicEntityBuilder: using entity builder {}
19:10:23.482 DEBUG [main] org.lenskit.data.dao.file.TextEntitySource: loading source tags with base URI file:/D:/1st%20Sem/Recommender%20Systems/nonpers-assignment/data/movielens.yml
19:10:23.482 DEBUG [main] org.lenskit.data.dao.file.TextEntitySource: resolved file URI: file:/D:/1st%20Sem/Recommender%20Systems/nonpers-assignment/data/tags.csv
19:10:23.482 INFO [main] org.lenskit.data.dao.file.TextEntitySource: loading text file source tags to read from file:/D:/1st%20Sem/Recommender%20Systems/nonpers-assignment/data/tags.csv
19:10:23.482 DEBUG [main] org.lenskit.data.dao.file.TextEntitySource: tags: using delimiter ,
19:10:23.482 DEBUG [main] org.lenskit.data.dao.file.TextEntitySource: tags: reading header
19:10:23.482 DEBUG [main] org.lenskit.data.dao.file.TextEntitySource: tags: reading entities of type EntityType[item-tag]
19:10:23.482 DEBUG [main] org.lenskit.data.dao.file.TextEntitySource: class org.lenskit.data.entities.BasicEntityBuilder: using entity builder {}
19:10:23.498 DEBUG [main] org.lenskit.LenskitRecommenderEngineBuilder: building graph from 3 configurations
19:10:23.576 DEBUG [main] org.lenskit.inject.RecommenderInstantiator: replacing nodes in graph with 10 nodes
19:10:23.591 DEBUG [main] org.lenskit.inject.RecommenderInstantiator: found 6 shared nodes
19:10:25.346 INFO [main] org.lenskit.data.dao.file.StaticDataSource: deriving entity type EntityType[user] from EntityType[rating] (column TypedName[user: long])
19:10:25.444 INFO [main] org.lenskit.data.dao.file.StaticDataSource: deriving entity type EntityType[item] from EntityType[rating] (column TypedName[item: long])
19:10:25.476 DEBUG [main] org.lenskit.data.entities.EntityCollectionBuilder: built collection of 2500 entities with type EntityType[item] and 2 indexes
19:10:25.521 DEBUG [main] org.lenskit.data.entities.EntityCollectionBuilder: built collection of 264505 entities with type EntityType[rating] and 2 indexes
19:10:25.521 DEBUG [main] org.lenskit.data.entities.EntityCollectionBuilder: built collection of 94875 entities with type EntityType[item-tag] and 2 indexes
19:10:25.521 DEBUG [main] org.lenskit.data.entities.EntityCollectionBuilder: built collection of 862 entities with type EntityType[user] and 2 indexes
19:10:25.803 DEBUG [main] org.lenskit.inject.RecommenderInstantiator: final graph has 10 nodes
19:10:25.803 INFO [main] org.lenskit.cli.util.RecommenderLoader: built recommender in 2.316 s
19:10:25.819 INFO [main] org.lenskit.cli.commands.GlobalRecommend: using 0 reference items: []
19:10:25.821 INFO [main] org.lenskit.mooc.nonpers.mean.MeanItemBasedItemRecommender: computing 10 recommendations from 2500 items
19:10:25.910 INFO [main] org.lenskit.cli.commands.GlobalRecommend: recommended in 94.31 ms
19:10:25.910 INFO [main] org.lenskit.cli.Main: If you use LensKit in published research, please see http://lenskit.org/research/
